[2026-05-17 11:02:07.970] [INFO ] c.f.antridong.AntridongApplication - Starting AntridongApplication using Java 21.0.10 with PID 36812 (/home/agung/Development/ferrinenusantara/antridong/build/classes/java/main started by agung in /home/agung/Development/ferrinenusantara/antridong)
[2026-05-17 11:02:07.975] [INFO ] c.f.antridong.AntridongApplication - No active profile set, falling back to 1 default profile: "default"
[2026-05-17 11:02:08.158] [INFO ] o.s.b.d.e.DevToolsPropertyDefaultsPostProcessor - Devtools property defaults active! Set 'spring.devtools.add-properties' to 'false' to disable
[2026-05-17 11:02:08.159] [INFO ] o.s.b.d.e.DevToolsPropertyDefaultsPostProcessor - For additional web related logging consider setting the 'logging.level.web' property to 'DEBUG'
[2026-05-17 11:02:15.728] [INFO ] o.s.b.w.e.tomcat.TomcatWebServer - Tomcat initialized with port 8080 (http)
[2026-05-17 11:02:16.082] [INFO ] o.s.b.w.s.c.ServletWebServerApplicationContext - Root WebApplicationContext: initialization completed in 7914 ms
[2026-05-17 11:02:17.146] [INFO ] io.ebean - ebean version: 14.3.0
[2026-05-17 11:02:18.512] [INFO ] io.ebean.datasource - DataSource [db] autoCommit[false] transIsolation[READ_COMMITTED] min[2] max[200] in[1,094ms]
[2026-05-17 11:02:19.256] [ERROR] io.ebean.core - Configured to run DDL but ebean-ddl-generator is not in the classpath (or ebean-test in the test classpath?)
[2026-05-17 11:02:19.260] [INFO ] io.ebean.core - Started database[db] platform[SQLITE] in 2,048ms
[2026-05-17 11:02:19.838] [INFO ] o.s.b.a.w.s.WelcomePageHandlerMapping - Adding welcome page template: index
[2026-05-17 11:02:23.077] [WARN ] o.s.b.a.s.s.UserDetailsServiceAutoConfiguration - 

Using generated security password: d29542f4-c563-4cbc-b9bf-8fec5646eb2b

This generated password is for development use only. Your security configuration must be updated before running your application in production.

[2026-05-17 11:02:23.160] [INFO ] o.s.s.c.a.a.c.InitializeUserDetailsBeanManagerConfigurer$InitializeUserDetailsManagerConfigurer - Global AuthenticationManager configured with UserDetailsService bean with name inMemoryUserDetailsManager
[2026-05-17 11:02:23.433] [INFO ] o.s.s.web.DefaultSecurityFilterChain - Will secure any request with [org.springframework.security.web.session.DisableEncodeUrlFilter@162a2e7b, org.springframework.security.web.context.request.async.WebAsyncManagerIntegrationFilter@66b76ecc, org.springframework.security.web.context.SecurityContextHolderFilter@5e30ffdc, org.springframework.security.web.header.HeaderWriterFilter@180eec50, org.springframework.web.filter.CorsFilter@10f8409e, org.springframework.security.web.csrf.CsrfFilter@4cbeb144, org.springframework.security.web.authentication.logout.LogoutFilter@42620a9d, org.springframework.security.web.authentication.UsernamePasswordAuthenticationFilter@49f420ec, org.springframework.security.web.authentication.ui.DefaultLoginPageGeneratingFilter@ebadcef, org.springframework.security.web.authentication.ui.DefaultLogoutPageGeneratingFilter@201e864a, org.springframework.security.web.authentication.www.BasicAuthenticationFilter@6e53d7cd, org.springframework.security.web.savedrequest.RequestCacheAwareFilter@352d9280, org.springframework.security.web.servletapi.SecurityContextHolderAwareRequestFilter@717ad4a6, org.springframework.security.web.authentication.AnonymousAuthenticationFilter@67803dc4, org.springframework.security.web.access.ExceptionTranslationFilter@2bea992e, org.springframework.security.web.access.intercept.AuthorizationFilter@7137f185]
[2026-05-17 11:02:23.732] [INFO ] o.s.b.d.a.OptionalLiveReloadServer - LiveReload server is running on port 35729
[2026-05-17 11:02:24.050] [INFO ] o.s.b.w.e.tomcat.TomcatWebServer - Tomcat started on port 8080 (http) with context path '/'
[2026-05-17 11:02:24.188] [INFO ] c.f.antridong.AntridongApplication - Started AntridongApplication in 17.53 seconds (process running for 18.982)
[2026-05-17 11:02:30.936] [INFO ] io.ebean.datasource - DataSource [db] shutdown min[2] max[200] free[2] busy[0] waiting[0] highWaterMark[1] waitCount[0] hitCount[2] meanAcquireNanos[64862] maxAcquireMicros[102]  psc[hit:0 miss:0 put:0 rem:0]
[2026-05-17 11:03:39.878] [INFO ] c.f.antridong.AntridongApplication - Starting AntridongApplication using Java 21.0.10 with PID 37584 (/home/agung/Development/ferrinenusantara/antridong/build/classes/java/main started by agung in /home/agung/Development/ferrinenusantara/antridong)
[2026-05-17 11:03:39.891] [INFO ] c.f.antridong.AntridongApplication - No active profile set, falling back to 1 default profile: "default"
[2026-05-17 11:03:40.798] [INFO ] o.s.b.d.e.DevToolsPropertyDefaultsPostProcessor - Devtools property defaults active! Set 'spring.devtools.add-properties' to 'false' to disable
[2026-05-17 11:03:40.806] [INFO ] o.s.b.d.e.DevToolsPropertyDefaultsPostProcessor - For additional web related logging consider setting the 'logging.level.web' property to 'DEBUG'
[2026-05-17 11:03:48.860] [INFO ] o.s.b.w.e.tomcat.TomcatWebServer - Tomcat initialized with port 8080 (http)
[2026-05-17 11:03:49.151] [INFO ] o.s.b.w.s.c.ServletWebServerApplicationContext - Root WebApplicationContext: initialization completed in 8328 ms
[2026-05-17 11:03:49.640] [INFO ] io.ebean - ebean version: 14.3.0
[2026-05-17 11:03:51.061] [INFO ] io.ebean.datasource - DataSource [db] autoCommit[false] transIsolation[READ_COMMITTED] min[2] max[200] in[1,266ms]
[2026-05-17 11:03:53.171] [INFO ] io.ebean.DDL - Executing db-drop-all.sql - 0 statements, autoCommit:true
[2026-05-17 11:03:53.181] [INFO ] io.ebean.DDL - Executing db-create-all.sql - 0 statements, autoCommit:false
[2026-05-17 11:03:53.185] [INFO ] io.ebean.core - Started database[db] platform[SQLITE] in 3,478ms
[2026-05-17 11:03:54.078] [INFO ] o.s.b.a.w.s.WelcomePageHandlerMapping - Adding welcome page template: index
[2026-05-17 11:03:55.346] [WARN ] o.s.b.a.s.s.UserDetailsServiceAutoConfiguration - 

Using generated security password: c6b49bf3-87e4-4008-bc01-da095c04281b

This generated password is for development use only. Your security configuration must be updated before running your application in production.

[2026-05-17 11:03:55.446] [INFO ] o.s.s.c.a.a.c.InitializeUserDetailsBeanManagerConfigurer$InitializeUserDetailsManagerConfigurer - Global AuthenticationManager configured with UserDetailsService bean with name inMemoryUserDetailsManager
[2026-05-17 11:03:55.776] [INFO ] o.s.s.web.DefaultSecurityFilterChain - Will secure any request with [org.springframework.security.web.session.DisableEncodeUrlFilter@3c37cbea, org.springframework.security.web.context.request.async.WebAsyncManagerIntegrationFilter@7458f1e, org.springframework.security.web.context.SecurityContextHolderFilter@5a781482, org.springframework.security.web.header.HeaderWriterFilter@67a79a9b, org.springframework.web.filter.CorsFilter@2375e33b, org.springframework.security.web.csrf.CsrfFilter@135e74e5, org.springframework.security.web.authentication.logout.LogoutFilter@219c96d, org.springframework.security.web.authentication.UsernamePasswordAuthenticationFilter@7395662d, org.springframework.security.web.authentication.ui.DefaultLoginPageGeneratingFilter@228a9f46, org.springframework.security.web.authentication.ui.DefaultLogoutPageGeneratingFilter@b567c5d, org.springframework.security.web.authentication.www.BasicAuthenticationFilter@699a5a68, org.springframework.security.web.savedrequest.RequestCacheAwareFilter@65bbe060, org.springframework.security.web.servletapi.SecurityContextHolderAwareRequestFilter@5b4624f0, org.springframework.security.web.authentication.AnonymousAuthenticationFilter@93c8e46, org.springframework.security.web.access.ExceptionTranslationFilter@c0d01b0, org.springframework.security.web.access.intercept.AuthorizationFilter@48332db]
[2026-05-17 11:03:55.961] [INFO ] o.s.b.d.a.OptionalLiveReloadServer - LiveReload server is running on port 35729
[2026-05-17 11:03:56.193] [INFO ] o.s.b.w.e.tomcat.TomcatWebServer - Tomcat started on port 8080 (http) with context path '/'
[2026-05-17 11:03:56.286] [INFO ] c.f.antridong.AntridongApplication - Started AntridongApplication in 20.446 seconds (process running for 25.542)
[2026-05-17 11:04:03.261] [INFO ] io.ebean.datasource - DataSource [db] shutdown min[2] max[200] free[2] busy[0] waiting[0] highWaterMark[1] waitCount[0] hitCount[3] meanAcquireNanos[57869] maxAcquireMicros[107]  psc[hit:0 miss:0 put:0 rem:0]
[2026-05-17 11:05:21.726] [INFO ] o.s.boot.SpringApplication - Starting application using Java 21.0.10 with PID 38243 (started by agung in /home/agung/Development/ferrinenusantara/antridong)
[2026-05-17 11:05:21.732] [INFO ] o.s.boot.SpringApplication - No active profile set, falling back to 1 default profile: "default"
[2026-05-17 11:05:21.851] [INFO ] o.s.b.d.e.DevToolsPropertyDefaultsPostProcessor - For additional web related logging consider setting the 'logging.level.web' property to 'DEBUG'
[2026-05-17 11:05:23.306] [INFO ] o.s.b.w.e.tomcat.TomcatWebServer - Tomcat initialized with port 8080 (http)
[2026-05-17 11:05:23.416] [INFO ] o.s.b.w.s.c.ServletWebServerApplicationContext - Root WebApplicationContext: initialization completed in 1563 ms
[2026-05-17 11:05:23.541] [INFO ] io.ebean - ebean version: 14.3.0
[2026-05-17 11:05:23.779] [INFO ] io.ebean.datasource - DataSource [db] autoCommit[false] transIsolation[READ_COMMITTED] min[2] max[200] in[201ms]
[2026-05-17 11:05:24.119] [INFO ] io.ebean.DDL - Executing db-drop-all.sql - 0 statements, autoCommit:true
[2026-05-17 11:05:24.120] [INFO ] io.ebean.DDL - Executing db-create-all.sql - 0 statements, autoCommit:false
[2026-05-17 11:05:24.121] [INFO ] io.ebean.core - Started database[db] platform[SQLITE] in 571ms
[2026-05-17 11:05:24.210] [INFO ] o.s.b.a.w.s.WelcomePageHandlerMapping - Adding welcome page template: index
[2026-05-17 11:05:24.563] [WARN ] o.s.b.a.s.s.UserDetailsServiceAutoConfiguration - 

Using generated security password: 26fef90a-efd2-4bbe-9c0b-63310117b3ee

This generated password is for development use only. Your security configuration must be updated before running your application in production.

[2026-05-17 11:05:24.603] [INFO ] o.s.s.c.a.a.c.InitializeUserDetailsBeanManagerConfigurer$InitializeUserDetailsManagerConfigurer - Global AuthenticationManager configured with UserDetailsService bean with name inMemoryUserDetailsManager
[2026-05-17 11:05:24.716] [INFO ] o.s.s.web.DefaultSecurityFilterChain - Will secure any request with [org.springframework.security.web.session.DisableEncodeUrlFilter@4966e1d9, org.springframework.security.web.context.request.async.WebAsyncManagerIntegrationFilter@34d6d9de, org.springframework.security.web.context.SecurityContextHolderFilter@67f379c6, org.springframework.security.web.header.HeaderWriterFilter@37073279, org.springframework.web.filter.CorsFilter@52b3bb0a, org.springframework.security.web.csrf.CsrfFilter@2483d7b9, org.springframework.security.web.authentication.logout.LogoutFilter@5b6d1ea7, org.springframework.security.web.authentication.UsernamePasswordAuthenticationFilter@53d20758, org.springframework.security.web.authentication.ui.DefaultLoginPageGeneratingFilter@5d2040c6, org.springframework.security.web.authentication.ui.DefaultLogoutPageGeneratingFilter@1dbef298, org.springframework.security.web.authentication.www.BasicAuthenticationFilter@7ef5447, org.springframework.security.web.savedrequest.RequestCacheAwareFilter@783c0cf2, org.springframework.security.web.servletapi.SecurityContextHolderAwareRequestFilter@5433418, org.springframework.security.web.authentication.AnonymousAuthenticationFilter@6328a0df, org.springframework.security.web.access.ExceptionTranslationFilter@63498623, org.springframework.security.web.access.intercept.AuthorizationFilter@25bb8d9d]
[2026-05-17 11:05:24.801] [INFO ] o.s.b.w.e.tomcat.TomcatWebServer - Tomcat started on port 8080 (http) with context path '/'
[2026-05-17 11:05:24.832] [INFO ] o.s.boot.SpringApplication - Started application in 3.959 seconds (process running for 13.081)
[2026-05-17 11:05:37.673] [INFO ] io.ebean.datasource - DataSource [db] shutdown min[2] max[200] free[2] busy[0] waiting[0] highWaterMark[1] waitCount[0] hitCount[3] meanAcquireNanos[17192] maxAcquireMicros[33]  psc[hit:0 miss:0 put:0 rem:0]
[2026-05-17 12:16:18.513] [INFO ] o.s.boot.SpringApplication - Starting application using Java 21.0.10 with PID 10098 (started by agung in /home/agung/Development/ferrinenusantara/antridong)
[2026-05-17 12:16:18.515] [INFO ] o.s.boot.SpringApplication - No active profile set, falling back to 1 default profile: "default"
[2026-05-17 12:16:18.569] [INFO ] o.s.b.d.e.DevToolsPropertyDefaultsPostProcessor - For additional web related logging consider setting the 'logging.level.web' property to 'DEBUG'
[2026-05-17 12:16:19.630] [INFO ] o.s.b.w.e.tomcat.TomcatWebServer - Tomcat initialized with port 8080 (http)
[2026-05-17 12:16:19.716] [INFO ] o.s.b.w.s.c.ServletWebServerApplicationContext - Root WebApplicationContext: initialization completed in 1145 ms
[2026-05-17 12:16:19.823] [INFO ] io.ebean - ebean version: 14.3.0
[2026-05-17 12:16:19.964] [INFO ] io.ebean.datasource - DataSource [db] autoCommit[false] transIsolation[READ_COMMITTED] min[2] max[200] in[119ms]
[2026-05-17 12:16:20.250] [INFO ] io.ebean.DDL - Executing db-drop-all.sql - 5 statements, autoCommit:true
[2026-05-17 12:16:20.252] [INFO ] io.ebean.DDL - Executing db-create-all.sql - 5 statements, autoCommit:false
[2026-05-17 12:16:20.259] [INFO ] io.ebean.core - Started database[db] platform[SQLITE] in 429ms
[2026-05-17 12:16:20.329] [INFO ] o.s.b.a.w.s.WelcomePageHandlerMapping - Adding welcome page template: index
[2026-05-17 12:16:20.602] [WARN ] o.s.b.a.s.s.UserDetailsServiceAutoConfiguration - 

Using generated security password: ac5da09a-14d1-4116-bc66-ca61859ddb8d

This generated password is for development use only. Your security configuration must be updated before running your application in production.

[2026-05-17 12:16:20.635] [INFO ] o.s.s.c.a.a.c.InitializeUserDetailsBeanManagerConfigurer$InitializeUserDetailsManagerConfigurer - Global AuthenticationManager configured with UserDetailsService bean with name inMemoryUserDetailsManager
[2026-05-17 12:16:20.723] [INFO ] o.s.s.web.DefaultSecurityFilterChain - Will secure any request with [org.springframework.security.web.session.DisableEncodeUrlFilter@4800672c, org.springframework.security.web.context.request.async.WebAsyncManagerIntegrationFilter@7d6fdfc4, org.springframework.security.web.context.SecurityContextHolderFilter@5c134d99, org.springframework.security.web.header.HeaderWriterFilter@21856cd5, org.springframework.web.filter.CorsFilter@7e7bf568, org.springframework.security.web.csrf.CsrfFilter@5d959992, org.springframework.security.web.authentication.logout.LogoutFilter@5739dc, org.springframework.security.web.authentication.UsernamePasswordAuthenticationFilter@2c924f85, org.springframework.security.web.authentication.ui.DefaultLoginPageGeneratingFilter@a9cecab, org.springframework.security.web.authentication.ui.DefaultLogoutPageGeneratingFilter@531f9ab, org.springframework.security.web.authentication.www.BasicAuthenticationFilter@22c2f303, org.springframework.security.web.savedrequest.RequestCacheAwareFilter@4c4a4c24, org.springframework.security.web.servletapi.SecurityContextHolderAwareRequestFilter@1d44f279, org.springframework.security.web.authentication.AnonymousAuthenticationFilter@4e43c726, org.springframework.security.web.access.ExceptionTranslationFilter@45ba9702, org.springframework.security.web.access.intercept.AuthorizationFilter@54b98aa0]
[2026-05-17 12:16:20.782] [INFO ] o.s.b.w.e.tomcat.TomcatWebServer - Tomcat started on port 8080 (http) with context path '/'
[2026-05-17 12:16:20.795] [INFO ] o.s.boot.SpringApplication - Started application in 2.79 seconds (process running for 12.496)
[2026-05-17 12:17:12.061] [INFO ] io.ebean.datasource - DataSource [db] shutdown min[2] max[200] free[2] busy[0] waiting[0] highWaterMark[1] waitCount[0] hitCount[8] meanAcquireNanos[11882] maxAcquireMicros[27]  psc[hit:1 miss:3 put:4 rem:0]
[2026-05-17 12:27:40.176] [INFO ] o.s.boot.SpringApplication - Starting application using Java 21.0.10 with PID 12792 (started by agung in /home/agung/Development/ferrinenusantara/antridong)
[2026-05-17 12:27:40.178] [INFO ] o.s.boot.SpringApplication - No active profile set, falling back to 1 default profile: "default"
[2026-05-17 12:27:40.224] [INFO ] o.s.b.d.e.DevToolsPropertyDefaultsPostProcessor - For additional web related logging consider setting the 'logging.level.web' property to 'DEBUG'
[2026-05-17 12:27:41.081] [INFO ] o.s.b.w.e.tomcat.TomcatWebServer - Tomcat initialized with port 8080 (http)
[2026-05-17 12:27:41.135] [INFO ] o.s.b.w.s.c.ServletWebServerApplicationContext - Root WebApplicationContext: initialization completed in 910 ms
[2026-05-17 12:27:41.273] [INFO ] o.s.b.a.w.s.WelcomePageHandlerMapping - Adding welcome page template: index
[2026-05-17 12:27:41.499] [WARN ] o.s.b.a.s.s.UserDetailsServiceAutoConfiguration - 

Using generated security password: ebb7671c-a6cf-4185-b940-32b0ec70b1a8

This generated password is for development use only. Your security configuration must be updated before running your application in production.

[2026-05-17 12:27:41.519] [INFO ] o.s.s.c.a.a.c.InitializeUserDetailsBeanManagerConfigurer$InitializeUserDetailsManagerConfigurer - Global AuthenticationManager configured with UserDetailsService bean with name inMemoryUserDetailsManager
[2026-05-17 12:27:41.602] [INFO ] o.s.s.web.DefaultSecurityFilterChain - Will secure any request with [org.springframework.security.web.session.DisableEncodeUrlFilter@3aa9bf66, org.springframework.security.web.context.request.async.WebAsyncManagerIntegrationFilter@45529463, org.springframework.security.web.context.SecurityContextHolderFilter@187f9dae, org.springframework.security.web.header.HeaderWriterFilter@4f619041, org.springframework.web.filter.CorsFilter@bd85c11, org.springframework.security.web.csrf.CsrfFilter@62ee2200, org.springframework.security.web.authentication.logout.LogoutFilter@23d42b34, org.springframework.security.web.authentication.UsernamePasswordAuthenticationFilter@1c9e6e07, org.springframework.security.web.authentication.ui.DefaultLoginPageGeneratingFilter@1e2a4080, org.springframework.security.web.authentication.ui.DefaultLogoutPageGeneratingFilter@6eee2584, org.springframework.security.web.authentication.www.BasicAuthenticationFilter@44c77868, org.springframework.security.web.savedrequest.RequestCacheAwareFilter@3a459dd5, org.springframework.security.web.servletapi.SecurityContextHolderAwareRequestFilter@5cdbb0b9, org.springframework.security.web.authentication.AnonymousAuthenticationFilter@194be5b0, org.springframework.security.web.access.ExceptionTranslationFilter@5ea23f1c, org.springframework.security.web.access.intercept.AuthorizationFilter@6e8ee5e3]
[2026-05-17 12:27:41.651] [INFO ] o.s.b.w.e.tomcat.TomcatWebServer - Tomcat started on port 8080 (http) with context path '/'
[2026-05-17 12:27:41.660] [INFO ] o.s.boot.SpringApplication - Started application in 1.867 seconds (process running for 208.638)
[2026-05-17 12:27:55.165] [INFO ] o.s.web.servlet.DispatcherServlet - Initializing Servlet 'dispatcherServlet'
[2026-05-17 12:27:55.167] [INFO ] o.s.web.servlet.DispatcherServlet - Completed initialization in 1 ms
[2026-05-17 12:28:07.873] [INFO ] io.ebean.datasource - DataSource [db] shutdown min[2] max[200] free[2] busy[0] waiting[0] highWaterMark[1] waitCount[0] hitCount[31] meanAcquireNanos[7814] maxAcquireMicros[30]  psc[hit:22 miss:11 put:33 rem:0]
[2026-05-17 12:28:09.883] [INFO ] io.ebean.datasource - Resetting DataSource [db] min[2] max[200] free[0] busy[0] waiting[0] highWaterMark[1] waitCount[0] hitCount[32] meanAcquireNanos[7569] maxAcquireMicros[30]
[2026-05-17 12:28:09.884] [ERROR] io.ebean.datasource - RESOLVED FATAL: DataSource [db] is back up!
[2026-05-17 12:28:26.869] [INFO ] o.s.boot.SpringApplication - Starting application using Java 21.0.10 with PID 12792 (started by agung in /home/agung/Development/ferrinenusantara/antridong)
[2026-05-17 12:28:26.870] [INFO ] o.s.boot.SpringApplication - No active profile set, falling back to 1 default profile: "default"
[2026-05-17 12:28:27.082] [INFO ] o.s.b.w.e.tomcat.TomcatWebServer - Tomcat initialized with port 8080 (http)
[2026-05-17 12:28:27.097] [INFO ] o.s.b.w.s.c.ServletWebServerApplicationContext - Root WebApplicationContext: initialization completed in 225 ms
[2026-05-17 12:28:27.130] [INFO ] o.s.b.a.w.s.WelcomePageHandlerMapping - Adding welcome page template: index
[2026-05-17 12:28:27.210] [WARN ] o.s.b.a.s.s.UserDetailsServiceAutoConfiguration - 

Using generated security password: 8c92d8f3-b50d-41d7-90e3-bd16082aa550

This generated password is for development use only. Your security configuration must be updated before running your application in production.

[2026-05-17 12:28:27.214] [INFO ] o.s.s.c.a.a.c.InitializeUserDetailsBeanManagerConfigurer$InitializeUserDetailsManagerConfigurer - Global AuthenticationManager configured with UserDetailsService bean with name inMemoryUserDetailsManager
[2026-05-17 12:28:27.232] [INFO ] o.s.s.web.DefaultSecurityFilterChain - Will secure any request with [org.springframework.security.web.session.DisableEncodeUrlFilter@2d9bd191, org.springframework.security.web.context.request.async.WebAsyncManagerIntegrationFilter@5302d7a, org.springframework.security.web.context.SecurityContextHolderFilter@1f5d95b, org.springframework.security.web.header.HeaderWriterFilter@2b6c3b6, org.springframework.web.filter.CorsFilter@2d4228bd, org.springframework.security.web.csrf.CsrfFilter@d708266, org.springframework.security.web.authentication.logout.LogoutFilter@517fabc0, org.springframework.security.web.authentication.UsernamePasswordAuthenticationFilter@11a72fbe, org.springframework.security.web.authentication.ui.DefaultLoginPageGeneratingFilter@ec55a59, org.springframework.security.web.authentication.ui.DefaultLogoutPageGeneratingFilter@45bf174b, org.springframework.security.web.authentication.www.BasicAuthenticationFilter@3d2ab7e1, org.springframework.security.web.savedrequest.RequestCacheAwareFilter@81f08b1, org.springframework.security.web.servletapi.SecurityContextHolderAwareRequestFilter@3ada85c7, org.springframework.security.web.authentication.AnonymousAuthenticationFilter@36db4134, org.springframework.security.web.access.ExceptionTranslationFilter@6aab1b9e, org.springframework.security.web.access.intercept.AuthorizationFilter@1bd67ab2]
[2026-05-17 12:28:27.261] [INFO ] o.s.b.w.e.tomcat.TomcatWebServer - Tomcat started on port 8080 (http) with context path '/'
[2026-05-17 12:28:27.267] [INFO ] o.s.boot.SpringApplication - Started application in 0.449 seconds (process running for 254.245)
[2026-05-17 12:28:33.753] [INFO ] o.s.web.servlet.DispatcherServlet - Initializing Servlet 'dispatcherServlet'
[2026-05-17 12:28:33.754] [INFO ] o.s.web.servlet.DispatcherServlet - Completed initialization in 1 ms
